<?xml version="1.0" encoding="UTF-8"?>
<!-- Generated by org.testng.reporters.JUnitXMLReporter -->
<testsuite ignored="0" hostname="Anielaczki-PC" failures="0" tests="1" name="Main page validation" time="0.03" errors="0" timestamp="2020-07-18T22:32:36 CEST">
  <testcase classname="AllegroE2E.TC2Test" name="@BeforeTest config" time="0.001">
    <failure type="java.lang.NullPointerException">
      <![CDATA[java.lang.NullPointerException
at AllegroE2E.Base.initializeDriver(Base.java:32)
at AllegroE2E.TC2Test.config(TC2Test.java:23)
... Removed 24 stack frames]]>
    </failure>
  </testcase> <!-- @BeforeTest config -->
  <testcase classname="AllegroE2E.TC2Test" name="@AfterTest teardown" time="-1.595104356677E9">
    <skipped/>
  </testcase> <!-- @AfterTest teardown -->
  <testcase classname="AllegroE2E.TC2Test" name="TC2" time="0.0">
    <skipped/>
  </testcase> <!-- TC2 -->
</testsuite> <!-- Main page validation -->
