<?xml version="1.0" encoding="UTF-8"?>
<!-- Generated by org.testng.reporters.JUnitXMLReporter -->
<testsuite ignored="0" hostname="Anielaczki-PC" failures="0" tests="14" name="Test" time="195.462" errors="0" timestamp="2020-08-03T20:43:26 CEST">
  <testcase classname="HM.MainPageTest" name="TC1" time="6.212"/>
  <testcase classname="HM.MainPageTest" name="TC2" time="12.443"/>
  <testcase classname="HM.MainPageTest" name="TC3" time="8.412"/>
  <testcase classname="HM.MainPageTest" name="TC3" time="6.472"/>
  <testcase classname="HM.MainPageTest" name="TC3" time="7.321"/>
  <testcase classname="HM.MainPageTest" name="TC4" time="7.607"/>
  <testcase classname="HM.MainPageTest" name="TC4" time="5.966"/>
  <testcase classname="HM.MainPageTest" name="TC4" time="7.575"/>
  <testcase classname="HM.MainPageTest" name="TC5" time="4.796"/>
  <testcase classname="HM.MainPageTest" name="TC5" time="5.614"/>
  <testcase classname="HM.MainPageTest" name="TC5" time="5.597"/>
  <testcase classname="HM.MainPageTest" name="TC6" time="52.932"/>
  <testcase classname="HM.MainPageTest" name="TC7" time="17.605"/>
  <testcase classname="HM.MainPageTest" name="TC8" time="5.572"/>
</testsuite> <!-- Test -->
