<?xml version="1.0" encoding="UTF-8"?>
<!-- Generated by org.testng.reporters.JUnitXMLReporter -->
<testsuite ignored="0" hostname="Anielaczki-PC" failures="0" tests="14" name="Test" time="231.325" errors="0" timestamp="2020-08-05T13:50:10 CEST">
  <testcase classname="Tests.MainPageTest" name="TC1" time="4.598"/>
  <testcase classname="Tests.MainPageTest" name="TC2" time="10.973"/>
  <testcase classname="Tests.MainPageTest" name="TC3" time="11.248"/>
  <testcase classname="Tests.MainPageTest" name="TC3" time="9.178"/>
  <testcase classname="Tests.MainPageTest" name="TC3" time="11.185"/>
  <testcase classname="Tests.MainPageTest" name="TC4" time="16.913"/>
  <testcase classname="Tests.MainPageTest" name="TC4" time="18.727"/>
  <testcase classname="Tests.MainPageTest" name="TC4" time="25.978"/>
  <testcase classname="Tests.MainPageTest" name="TC5" time="17.236"/>
  <testcase classname="Tests.MainPageTest" name="TC5" time="11.696"/>
  <testcase classname="Tests.MainPageTest" name="TC5" time="16.579"/>
  <testcase classname="Tests.MainPageTest" name="TC6" time="42.471"/>
  <testcase classname="Tests.MainPageTest" name="TC7" time="13.318"/>
  <testcase classname="Tests.MainPageTest" name="TC8" time="10.332"/>
</testsuite> <!-- Test -->
