<?xml version="1.0" encoding="UTF-8"?>
<testsuite xmlns:xsi="http://www.w3.org/2001/XMLSchema-instance" xsi:noNamespaceSchemaLocation="https://maven.apache.org/surefire/maven-surefire-plugin/xsd/surefire-test-report-3.0.xsd" version="3.0" name="TestSuite" time="198.613" tests="14" errors="0" skipped="0" failures="0">
  <properties>
[...]
</properties>
  <testcase name="TC1" classname="HM.MainPageTest" time="6.063">
    <system-err><![CDATA[Starting ChromeDriver 81.0.4044.138 (8c6c7ba89cc9453625af54f11fd83179e23450fa-refs/branch-heads/4044@{#999}) on port 29271
Only local connections are allowed.
Please protect ports used by ChromeDriver and related test frameworks to prevent access by malicious code.
sie 03, 2020 8:40:46 PM org.openqa.selenium.remote.ProtocolHandshake createSession
INFO: Detected dialect: W3C
[1596480048.492][SEVERE]: Timed out receiving message from renderer: 0.100
[1596480048.765][SEVERE]: Timed out receiving message from renderer: 0.100
[1596480049.253][SEVERE]: Timed out receiving message from renderer: 0.100
[1596480049.655][SEVERE]: Timed out receiving message from renderer: 0.100
]]></system-err>
  </testcase>
  <testcase name="TC2" classname="HM.MainPageTest" time="12.493">
    <system-err><![CDATA[[1596480065.251][SEVERE]: Timed out receiving message from renderer: 0.100
]]></system-err>
  </testcase>
  <testcase name="TC3[buty](1)" classname="HM.MainPageTest" time="8.437">
    <system-err><![CDATA[[1596480074.687][SEVERE]: Timed out receiving message from renderer: 0.100
[1596480075.069][SEVERE]: Timed out receiving message from renderer: 0.100
]]></system-err>
  </testcase>
  <testcase name="TC3[top](2)" classname="HM.MainPageTest" time="6.508">
    <system-err><![CDATA[[1596480081.613][SEVERE]: Timed out receiving message from renderer: 0.100
[1596480081.959][SEVERE]: Timed out receiving message from renderer: 0.100
]]></system-err>
  </testcase>
  <testcase name="TC3[kapelusz](3)" classname="HM.MainPageTest" time="7.293">
    <system-err><![CDATA[[1596480088.512][SEVERE]: Timed out receiving message from renderer: 0.100
]]></system-err>
  </testcase>
  <testcase name="TC4[buty](1)" classname="HM.MainPageTest" time="7.634">
    <system-err><![CDATA[[1596480095.255][SEVERE]: Timed out receiving message from renderer: 0.100
[1596480097.952][SEVERE]: Timed out receiving message from renderer: 0.100
]]></system-err>
  </testcase>
  <testcase name="TC4[top](2)" classname="HM.MainPageTest" time="5.923">
    <system-err><![CDATA[[1596480101.695][SEVERE]: Timed out receiving message from renderer: 0.100
]]></system-err>
  </testcase>
  <testcase name="TC4[kapelusz](3)" classname="HM.MainPageTest" time="7.566"/>
  <testcase name="TC5[@@@@, BRAK PASUJĄCYCH PRODUKTÓW](1)" classname="HM.MainPageTest" time="4.812">
    <system-err><![CDATA[[1596480115.002][SEVERE]: Timed out receiving message from renderer: 0.100
]]></system-err>
  </testcase>
  <testcase name="TC5[^^^^, BRAK PASUJĄCYCH PRODUKTÓW](2)" classname="HM.MainPageTest" time="5.619">
    <system-err><![CDATA[[1596480120.759][SEVERE]: Timed out receiving message from renderer: 0.100
]]></system-err>
  </testcase>
  <testcase name="TC5[%%%%, BRAK PASUJĄCYCH PRODUKTÓW](3)" classname="HM.MainPageTest" time="5.614">
    <system-err><![CDATA[[1596480126.506][SEVERE]: Timed out receiving message from renderer: 0.100
]]></system-err>
  </testcase>
  <testcase name="TC6" classname="HM.MainPageTest" time="52.894"/>
  <testcase name="TC7" classname="HM.MainPageTest" time="17.637">
    <system-err><![CDATA[[1596480188.324][SEVERE]: Timed out receiving message from renderer: 0.100
[1596480190.898][SEVERE]: Timed out receiving message from renderer: 0.100
[1596480191.014][SEVERE]: Timed out receiving message from renderer: 0.100
[1596480196.275][SEVERE]: Timed out receiving message from renderer: 0.100
]]></system-err>
  </testcase>
  <testcase name="TC8" classname="HM.MainPageTest" time="5.581">
    <system-err><![CDATA[[1596480201.610][SEVERE]: Timed out receiving message from renderer: 0.100
[1596480201.931][SEVERE]: Timed out receiving message from renderer: 0.100
]]></system-err>
  </testcase>
</testsuite>