<?xml version="1.0" encoding="UTF-8"?>
<testng-results ignored="0" total="14" passed="14" failed="0" skipped="0">
  <reporter-output>
  </reporter-output>
  <suite started-at="2020-08-03T20:40:10 CEST" name="Suite" finished-at="2020-08-03T20:43:26 CEST" duration-ms="195462">
    <groups>
    </groups>
    <test started-at="2020-08-03T20:40:10 CEST" name="Test" finished-at="2020-08-03T20:43:26 CEST" duration-ms="195462">
      <class name="HM.MainPageTest">
        <test-method is-config="true" signature="config()[pri:0, instance:HM.MainPageTest@fbd1f6]" started-at="2020-08-03T20:40:10 CEST" name="config" finished-at="2020-08-03T20:40:51 CEST" duration-ms="40258" status="PASS">
          <reporter-output>
          </reporter-output>
        </test-method> <!-- config -->
        <test-method signature="TC1()[pri:0, instance:HM.MainPageTest@fbd1f6]" started-at="2020-08-03T20:40:51 CEST" name="TC1" finished-at="2020-08-03T20:40:57 CEST" duration-ms="6212" status="PASS">
          <reporter-output>
          </reporter-output>
        </test-method> <!-- TC1 -->
        <test-method signature="TC2()[pri:0, instance:HM.MainPageTest@fbd1f6]" started-at="2020-08-03T20:40:57 CEST" name="TC2" finished-at="2020-08-03T20:41:09 CEST" duration-ms="12443" status="PASS">
          <reporter-output>
          </reporter-output>
        </test-method> <!-- TC2 -->
        <test-method signature="TC3(java.lang.String)[pri:0, instance:HM.MainPageTest@fbd1f6]" started-at="2020-08-03T20:41:09 CEST" name="TC3" data-provider="testData" finished-at="2020-08-03T20:41:18 CEST" duration-ms="8412" status="PASS">
          <params>
            <param index="0">
              <value>
                <![CDATA[buty]]>
              </value>
            </param>
          </params>
          <reporter-output>
          </reporter-output>
        </test-method> <!-- TC3 -->
        <test-method signature="TC3(java.lang.String)[pri:0, instance:HM.MainPageTest@fbd1f6]" started-at="2020-08-03T20:41:18 CEST" name="TC3" data-provider="testData" finished-at="2020-08-03T20:41:24 CEST" duration-ms="6472" status="PASS">
          <params>
            <param index="0">
              <value>
                <![CDATA[top]]>
              </value>
            </param>
          </params>
          <reporter-output>
          </reporter-output>
        </test-method> <!-- TC3 -->
        <test-method signature="TC3(java.lang.String)[pri:0, instance:HM.MainPageTest@fbd1f6]" started-at="2020-08-03T20:41:24 CEST" name="TC3" data-provider="testData" finished-at="2020-08-03T20:41:32 CEST" duration-ms="7321" status="PASS">
          <params>
            <param index="0">
              <value>
                <![CDATA[kapelusz]]>
              </value>
            </param>
          </params>
          <reporter-output>
          </reporter-output>
        </test-method> <!-- TC3 -->
        <test-method signature="TC4(java.lang.String)[pri:0, instance:HM.MainPageTest@fbd1f6]" started-at="2020-08-03T20:41:32 CEST" name="TC4" data-provider="testData" finished-at="2020-08-03T20:41:39 CEST" duration-ms="7607" status="PASS">
          <params>
            <param index="0">
              <value>
                <![CDATA[buty]]>
              </value>
            </param>
          </params>
          <reporter-output>
          </reporter-output>
        </test-method> <!-- TC4 -->
        <test-method signature="TC4(java.lang.String)[pri:0, instance:HM.MainPageTest@fbd1f6]" started-at="2020-08-03T20:41:39 CEST" name="TC4" data-provider="testData" finished-at="2020-08-03T20:41:45 CEST" duration-ms="5966" status="PASS">
          <params>
            <param index="0">
              <value>
                <![CDATA[top]]>
              </value>
            </param>
          </params>
          <reporter-output>
          </reporter-output>
        </test-method> <!-- TC4 -->
        <test-method signature="TC4(java.lang.String)[pri:0, instance:HM.MainPageTest@fbd1f6]" started-at="2020-08-03T20:41:45 CEST" name="TC4" data-provider="testData" finished-at="2020-08-03T20:41:53 CEST" duration-ms="7575" status="PASS">
          <params>
            <param index="0">
              <value>
                <![CDATA[kapelusz]]>
              </value>
            </param>
          </params>
          <reporter-output>
          </reporter-output>
        </test-method> <!-- TC4 -->
        <test-method signature="TC5(java.lang.String, java.lang.String)[pri:0, instance:HM.MainPageTest@fbd1f6]" started-at="2020-08-03T20:41:53 CEST" name="TC5" data-provider="testData1" finished-at="2020-08-03T20:41:58 CEST" duration-ms="4796" status="PASS">
          <params>
            <param index="0">
              <value>
                <![CDATA[@@@@]]>
              </value>
            </param>
            <param index="1">
              <value>
                <![CDATA[BRAK PASUJĄCYCH PRODUKTÓW]]>
              </value>
            </param>
          </params>
          <reporter-output>
          </reporter-output>
        </test-method> <!-- TC5 -->
        <test-method signature="TC5(java.lang.String, java.lang.String)[pri:0, instance:HM.MainPageTest@fbd1f6]" started-at="2020-08-03T20:41:58 CEST" name="TC5" data-provider="testData1" finished-at="2020-08-03T20:42:03 CEST" duration-ms="5614" status="PASS">
          <params>
            <param index="0">
              <value>
                <![CDATA[^^^^]]>
              </value>
            </param>
            <param index="1">
              <value>
                <![CDATA[BRAK PASUJĄCYCH PRODUKTÓW]]>
              </value>
            </param>
          </params>
          <reporter-output>
          </reporter-output>
        </test-method> <!-- TC5 -->
        <test-method signature="TC5(java.lang.String, java.lang.String)[pri:0, instance:HM.MainPageTest@fbd1f6]" started-at="2020-08-03T20:42:03 CEST" name="TC5" data-provider="testData1" finished-at="2020-08-03T20:42:09 CEST" duration-ms="5597" status="PASS">
          <params>
            <param index="0">
              <value>
                <![CDATA[%%%%]]>
              </value>
            </param>
            <param index="1">
              <value>
                <![CDATA[BRAK PASUJĄCYCH PRODUKTÓW]]>
              </value>
            </param>
          </params>
          <reporter-output>
          </reporter-output>
        </test-method> <!-- TC5 -->
        <test-method signature="TC6()[pri:0, instance:HM.MainPageTest@fbd1f6]" started-at="2020-08-03T20:42:09 CEST" name="TC6" finished-at="2020-08-03T20:43:02 CEST" duration-ms="52932" status="PASS">
          <reporter-output>
          </reporter-output>
        </test-method> <!-- TC6 -->
        <test-method signature="TC7()[pri:0, instance:HM.MainPageTest@fbd1f6]" started-at="2020-08-03T20:43:02 CEST" name="TC7" finished-at="2020-08-03T20:43:19 CEST" duration-ms="17605" status="PASS">
          <reporter-output>
          </reporter-output>
        </test-method> <!-- TC7 -->
        <test-method signature="TC8()[pri:0, instance:HM.MainPageTest@fbd1f6]" started-at="2020-08-03T20:43:19 CEST" name="TC8" finished-at="2020-08-03T20:43:25 CEST" duration-ms="5572" status="PASS">
          <reporter-output>
          </reporter-output>
        </test-method> <!-- TC8 -->
        <test-method is-config="true" signature="teardown()[pri:0, instance:HM.MainPageTest@fbd1f6]" started-at="2020-08-03T20:43:25 CEST" name="teardown" finished-at="2020-08-03T20:43:26 CEST" duration-ms="890" status="PASS">
          <reporter-output>
          </reporter-output>
        </test-method> <!-- teardown -->
      </class> <!-- HM.MainPageTest -->
    </test> <!-- Test -->
  </suite> <!-- Suite -->
</testng-results>
