<?xml version="1.0" encoding="UTF-8"?>
<testsuite xmlns:xsi="http://www.w3.org/2001/XMLSchema-instance" xsi:noNamespaceSchemaLocation="https://maven.apache.org/surefire/maven-surefire-plugin/xsd/surefire-test-report-3.0.xsd" version="3.0" name="TestSuite" time="233.043" tests="14" errors="0" skipped="0" failures="0">
  <properties>
[...]
</properties>
  <testcase name="TC1" classname="Tests.MainPageTest" time="4.51">
    <system-err><![CDATA[Starting ChromeDriver 81.0.4044.138 (8c6c7ba89cc9453625af54f11fd83179e23450fa-refs/branch-heads/4044@{#999}) on port 37442
Only local connections are allowed.
Please protect ports used by ChromeDriver and related test frameworks to prevent access by malicious code.
sie 05, 2020 1:46:23 PM org.openqa.selenium.remote.ProtocolHandshake createSession
INFO: Detected dialect: W3C
[1596627985.118][SEVERE]: Timed out receiving message from renderer: 0.100
[1596627985.219][SEVERE]: Timed out receiving message from renderer: 0.100
[1596627985.322][SEVERE]: Timed out receiving message from renderer: 0.100
[1596627985.423][SEVERE]: Timed out receiving message from renderer: 0.100
[1596627985.599][SEVERE]: Timed out receiving message from renderer: 0.100
[1596627985.701][SEVERE]: Timed out receiving message from renderer: 0.100
[1596627985.802][SEVERE]: Timed out receiving message from renderer: 0.100
[1596627985.904][SEVERE]: Timed out receiving message from renderer: 0.100
[1596627986.006][SEVERE]: Timed out receiving message from renderer: 0.100
[1596627986.157][SEVERE]: Timed out receiving message from renderer: 0.100
[1596627986.259][SEVERE]: Timed out receiving message from renderer: 0.100
[1596627986.362][SEVERE]: Timed out receiving message from renderer: 0.100
[1596627986.464][SEVERE]: Timed out receiving message from renderer: 0.100
[1596627986.566][SEVERE]: Timed out receiving message from renderer: 0.100
[1596627986.667][SEVERE]: Timed out receiving message from renderer: 0.100
[1596627986.770][SEVERE]: Timed out receiving message from renderer: 0.100
[1596627986.872][SEVERE]: Timed out receiving message from renderer: 0.100
[1596627986.973][SEVERE]: Timed out receiving message from renderer: 0.100
[1596627987.759][SEVERE]: Timed out receiving message from renderer: 0.100
]]></system-err>
  </testcase>
  <testcase name="TC2" classname="Tests.MainPageTest" time="11.004">
    <system-err><![CDATA[[1596627994.922][SEVERE]: Timed out receiving message from renderer: 0.100
[1596627995.024][SEVERE]: Timed out receiving message from renderer: 0.100
[1596627995.127][SEVERE]: Timed out receiving message from renderer: 0.100
[1596627997.640][SEVERE]: Timed out receiving message from renderer: 0.100
[1596627997.795][SEVERE]: Timed out receiving message from renderer: 0.100
[1596627997.898][SEVERE]: Timed out receiving message from renderer: 0.100
[1596627998.443][SEVERE]: Timed out receiving message from renderer: 0.100
[1596627998.546][SEVERE]: Timed out receiving message from renderer: 0.100
[1596627998.648][SEVERE]: Timed out receiving message from renderer: 0.100
[1596627998.749][SEVERE]: Timed out receiving message from renderer: 0.100
[1596627998.853][SEVERE]: Timed out receiving message from renderer: 0.100
[1596627999.114][SEVERE]: Timed out receiving message from renderer: 0.100
[1596627999.217][SEVERE]: Timed out receiving message from renderer: 0.100
[1596627999.319][SEVERE]: Timed out receiving message from renderer: 0.100
[1596627999.421][SEVERE]: Timed out receiving message from renderer: 0.100
[1596627999.567][SEVERE]: Timed out receiving message from renderer: 0.100
[1596627999.724][SEVERE]: Timed out receiving message from renderer: 0.100
[1596628000.882][SEVERE]: Timed out receiving message from renderer: 0.100
]]></system-err>
  </testcase>
  <testcase name="TC3[buty](1)" classname="Tests.MainPageTest" time="11.266">
    <system-err><![CDATA[[1596628006.587][SEVERE]: Timed out receiving message from renderer: 0.100
[1596628006.912][SEVERE]: Timed out receiving message from renderer: 0.100
[1596628007.054][SEVERE]: Timed out receiving message from renderer: 0.100
]]></system-err>
  </testcase>
  <testcase name="TC3[top](2)" classname="Tests.MainPageTest" time="9.135"/>
  <testcase name="TC3[kapelusz](3)" classname="Tests.MainPageTest" time="11.228">
    <system-err><![CDATA[[1596628030.200][SEVERE]: Timed out receiving message from renderer: 0.100
]]></system-err>
  </testcase>
  <testcase name="TC4[buty](1)" classname="Tests.MainPageTest" time="16.887">
    <system-err><![CDATA[[1596628036.945][SEVERE]: Timed out receiving message from renderer: 0.100
[1596628037.048][SEVERE]: Timed out receiving message from renderer: 0.100
]]></system-err>
  </testcase>
  <testcase name="TC4[top](2)" classname="Tests.MainPageTest" time="18.724">
    <system-err><![CDATA[[1596628065.971][SEVERE]: Timed out receiving message from renderer: 0.100
[1596628066.073][SEVERE]: Timed out receiving message from renderer: 0.100
]]></system-err>
  </testcase>
  <testcase name="TC4[kapelusz](3)" classname="Tests.MainPageTest" time="26.096">
    <system-err><![CDATA[[1596628072.456][SEVERE]: Timed out receiving message from renderer: 0.100
[1596628072.565][SEVERE]: Timed out receiving message from renderer: 0.100
[1596628072.666][SEVERE]: Timed out receiving message from renderer: 0.100
[1596628072.768][SEVERE]: Timed out receiving message from renderer: 0.100
[1596628072.870][SEVERE]: Timed out receiving message from renderer: 0.100
[1596628072.974][SEVERE]: Timed out receiving message from renderer: 0.100
[1596628073.075][SEVERE]: Timed out receiving message from renderer: 0.100
[1596628073.177][SEVERE]: Timed out receiving message from renderer: 0.100
[1596628073.280][SEVERE]: Timed out receiving message from renderer: 0.100
[1596628073.382][SEVERE]: Timed out receiving message from renderer: 0.100
[1596628073.484][SEVERE]: Timed out receiving message from renderer: 0.100
[1596628073.587][SEVERE]: Timed out receiving message from renderer: 0.100
[1596628073.690][SEVERE]: Timed out receiving message from renderer: 0.100
[1596628073.793][SEVERE]: Timed out receiving message from renderer: 0.100
[1596628073.895][SEVERE]: Timed out receiving message from renderer: 0.100
[1596628073.997][SEVERE]: Timed out receiving message from renderer: 0.100
[1596628074.099][SEVERE]: Timed out receiving message from renderer: 0.100
[1596628074.200][SEVERE]: Timed out receiving message from renderer: 0.100
[1596628074.302][SEVERE]: Timed out receiving message from renderer: 0.100
[1596628074.405][SEVERE]: Timed out receiving message from renderer: 0.100
[1596628074.507][SEVERE]: Timed out receiving message from renderer: 0.100
[1596628074.610][SEVERE]: Timed out receiving message from renderer: 0.100
[1596628074.720][SEVERE]: Timed out receiving message from renderer: 0.100
[1596628074.823][SEVERE]: Timed out receiving message from renderer: 0.100
]]></system-err>
  </testcase>
  <testcase name="TC5[@@@@, BRAK PASUJĄCYCH PRODUKTÓW](1)" classname="Tests.MainPageTest" time="17.11"/>
  <testcase name="TC5[^^^^, BRAK PASUJĄCYCH PRODUKTÓW](2)" classname="Tests.MainPageTest" time="11.773">
    <system-err><![CDATA[[1596628115.288][SEVERE]: Timed out receiving message from renderer: 0.100
[1596628115.392][SEVERE]: Timed out receiving message from renderer: 0.100
[1596628115.493][SEVERE]: Timed out receiving message from renderer: 0.100
[1596628115.595][SEVERE]: Timed out receiving message from renderer: 0.100
[1596628115.697][SEVERE]: Timed out receiving message from renderer: 0.100
[1596628115.801][SEVERE]: Timed out receiving message from renderer: 0.100
[1596628121.497][SEVERE]: Timed out receiving message from renderer: 0.100
[1596628121.880][SEVERE]: Timed out receiving message from renderer: 0.100
[1596628122.081][SEVERE]: Timed out receiving message from renderer: 0.100
]]></system-err>
  </testcase>
  <testcase name="TC5[%%%%, BRAK PASUJĄCYCH PRODUKTÓW](3)" classname="Tests.MainPageTest" time="16.508">
    <system-err><![CDATA[[1596628128.040][SEVERE]: Timed out receiving message from renderer: 0.100
]]></system-err>
  </testcase>
  <testcase name="TC6" classname="Tests.MainPageTest" time="42.466"/>
  <testcase name="TC7" classname="Tests.MainPageTest" time="13.334">
    <system-err><![CDATA[[1596628192.539][SEVERE]: Timed out receiving message from renderer: 0.100
[1596628193.307][SEVERE]: Timed out receiving message from renderer: 0.100
]]></system-err>
  </testcase>
  <testcase name="TC8" classname="Tests.MainPageTest" time="10.317"/>
</testsuite>